<?xml version="1.0" encoding="UTF-8"?>
<testsuite xmlns:xsi="http://www.w3.org/2001/XMLSchema-instance" xsi:noNamespaceSchemaLocation="https://maven.apache.org/surefire/maven-surefire-plugin/xsd/surefire-test-report-3.0.xsd" version="3.0" name="ru.gb.SpringAOP.SpringAopApplicationTests" time="2.851" tests="1" errors="0" skipped="0" failures="0">
  <properties>
[...]
</properties>
  <testcase name="contextLoads" classname="ru.gb.SpringAOP.SpringAopApplicationTests" time="0.857">
    <system-out><![CDATA[20:34:45.473 [main] INFO org.springframework.test.context.support.AnnotationConfigContextLoaderUtils -- Could not detect default configuration classes for test class [ru.gb.SpringAOP.SpringAopApplicationTests]: SpringAopApplicationTests does not declare any static, non-private, non-final, nested classes annotated with @Configuration.
20:34:45.581 [main] INFO org.springframework.boot.test.context.SpringBootTestContextBootstrapper -- Found @SpringBootConfiguration ru.gb.SpringAOP.SpringAopApplication for test class ru.gb.SpringAOP.SpringAopApplicationTests
20:34:45.741 [main] INFO org.springframework.boot.devtools.restart.RestartApplicationListener -- Restart disabled due to context in which it is running

  .   ____          _            __ _ _
 /\\ / ___'_ __ _ _(_)_ __  __ _ \ \ \ \
( ( )\___ | '_ | '_| | '_ \/ _` | \ \ \ \
 \\/  ___)| |_)| | | | | || (_| |  ) ) ) )
  '  |____| .__|_| |_|_| |_\__, | / / / /
 =========|_|==============|___/=/_/_/_/
 :: Spring Boot ::                (v3.2.2)

2024-02-15T20:34:45.990+05:00  INFO 10168 --- [           main] r.g.SpringAOP.SpringAopApplicationTests  : Starting SpringAopApplicationTests using Java 21 with PID 10168 (started by Рустем in D:\SpringAOP\SpringAOP)
2024-02-15T20:34:45.991+05:00  INFO 10168 --- [           main] r.g.SpringAOP.SpringAopApplicationTests  : No active profile set, falling back to 1 default profile: "default"
2024-02-15T20:34:47.281+05:00  INFO 10168 --- [           main] r.g.SpringAOP.SpringAopApplicationTests  : Started SpringAopApplicationTests in 1.555 seconds (process running for 2.493)
]]></system-out>
    <system-err><![CDATA[WARNING: A Java agent has been loaded dynamically (C:\Users\Ðóñòåì\.m2\repository\net\bytebuddy\byte-buddy-agent\1.14.11\byte-buddy-agent-1.14.11.jar)
WARNING: If a serviceability tool is in use, please run with -XX:+EnableDynamicAgentLoading to hide this warning
WARNING: If a serviceability tool is not in use, please run with -Djdk.instrument.traceUsage for more information
WARNING: Dynamic loading of agents will be disallowed by default in a future release
]]></system-err>
  </testcase>
</testsuite>